<?xml version="1.0" encoding="UTF-8"?>
<coverage generated="1650813004170" clover="3.2.0">
  <project timestamp="1650813004170" name="All files">
    <metrics statements="50" coveredstatements="7" conditionals="14" coveredconditionals="0" methods="20" coveredmethods="5" elements="84" coveredelements="12" complexity="0" loc="50" ncloc="50" packages="1" files="9" classes="9"/>
    <file name="AffichageCapteur.js" path="/home/mamel/Bureau/M1_2021/WEB/WEB-react-router-lab/src/AffichageCapteur.js">
      <metrics statements="1" coveredstatements="1" conditionals="0" coveredconditionals="0" methods="1" coveredmethods="1"/>
      <line num="7" count="3" type="stmt"/>
    </file>
    <file name="AfficheHistorique.js" path="/home/mamel/Bureau/M1_2021/WEB/WEB-react-router-lab/src/AfficheHistorique.js">
      <metrics statements="8" coveredstatements="0" conditionals="4" coveredconditionals="0" methods="2" coveredmethods="0"/>
      <line num="7" count="0" type="stmt"/>
      <line num="9" count="0" type="stmt"/>
      <line num="12" count="0" type="cond" truecount="0" falsecount="2"/>
      <line num="15" count="0" type="stmt"/>
      <line num="24" count="0" type="stmt"/>
      <line num="27" count="0" type="cond" truecount="0" falsecount="2"/>
      <line num="30" count="0" type="stmt"/>
      <line num="52" count="0" type="stmt"/>
    </file>
    <file name="App.js" path="/home/mamel/Bureau/M1_2021/WEB/WEB-react-router-lab/src/App.js">
      <metrics statements="1" coveredstatements="1" conditionals="0" coveredconditionals="0" methods="1" coveredmethods="1"/>
      <line num="5" count="1" type="stmt"/>
    </file>
    <file name="General.js" path="/home/mamel/Bureau/M1_2021/WEB/WEB-react-router-lab/src/General.js">
      <metrics statements="19" coveredstatements="0" conditionals="6" coveredconditionals="0" methods="8" coveredmethods="0"/>
      <line num="18" count="0" type="stmt"/>
      <line num="19" count="0" type="stmt"/>
      <line num="20" count="0" type="stmt"/>
      <line num="21" count="0" type="stmt"/>
      <line num="22" count="0" type="stmt"/>
      <line num="24" count="0" type="stmt"/>
      <line num="25" count="0" type="stmt"/>
      <line num="27" count="0" type="stmt"/>
      <line num="30" count="0" type="cond" truecount="0" falsecount="2"/>
      <line num="31" count="0" type="stmt"/>
      <line num="34" count="0" type="stmt"/>
      <line num="35" count="0" type="stmt"/>
      <line num="39" count="0" type="stmt"/>
      <line num="58" count="0" type="cond" truecount="0" falsecount="2"/>
      <line num="59" count="0" type="stmt"/>
      <line num="61" count="0" type="stmt"/>
      <line num="62" count="0" type="cond" truecount="0" falsecount="2"/>
      <line num="63" count="0" type="stmt"/>
      <line num="64" count="0" type="stmt"/>
    </file>
    <file name="Saisie.js" path="/home/mamel/Bureau/M1_2021/WEB/WEB-react-router-lab/src/Saisie.js">
      <metrics statements="2" coveredstatements="1" conditionals="0" coveredconditionals="0" methods="2" coveredmethods="1"/>
      <line num="5" count="2" type="stmt"/>
      <line num="9" count="0" type="stmt"/>
    </file>
    <file name="Selection.js" path="/home/mamel/Bureau/M1_2021/WEB/WEB-react-router-lab/src/Selection.js">
      <metrics statements="5" coveredstatements="0" conditionals="0" coveredconditionals="0" methods="2" coveredmethods="0"/>
      <line num="11" count="0" type="stmt"/>
      <line num="13" count="0" type="stmt"/>
      <line num="16" count="0" type="stmt"/>
      <line num="18" count="0" type="stmt"/>
      <line num="26" count="0" type="stmt"/>
    </file>
    <file name="index.js" path="/home/mamel/Bureau/M1_2021/WEB/WEB-react-router-lab/src/index.js">
      <metrics statements="2" coveredstatements="0" conditionals="0" coveredconditionals="0" methods="0" coveredmethods="0"/>
      <line num="12" count="0" type="stmt"/>
      <line num="24" count="0" type="stmt"/>
    </file>
    <file name="reportWebVitals.js" path="/home/mamel/Bureau/M1_2021/WEB/WEB-react-router-lab/src/reportWebVitals.js">
      <metrics statements="8" coveredstatements="0" conditionals="4" coveredconditionals="0" methods="2" coveredmethods="0"/>
      <line num="1" count="0" type="stmt"/>
      <line num="2" count="0" type="cond" truecount="0" falsecount="4"/>
      <line num="3" count="0" type="stmt"/>
      <line num="4" count="0" type="stmt"/>
      <line num="5" count="0" type="stmt"/>
      <line num="6" count="0" type="stmt"/>
      <line num="7" count="0" type="stmt"/>
      <line num="8" count="0" type="stmt"/>
    </file>
    <file name="table.display.jsx" path="/home/mamel/Bureau/M1_2021/WEB/WEB-react-router-lab/src/table.display.jsx">
      <metrics statements="4" coveredstatements="4" conditionals="0" coveredconditionals="0" methods="2" coveredmethods="2"/>
      <line num="6" count="1" type="stmt"/>
      <line num="7" count="15" type="stmt"/>
      <line num="8" count="15" type="stmt"/>
      <line num="18" count="117" type="stmt"/>
    </file>
  </project>
</coverage>
