{"/home/mamel/Bureau/M1_2021/WEB/WEB-react-router-lab/src/AffichageCapteur.js": {"path":"/home/mamel/Bureau/M1_2021/WEB/WEB-react-router-lab/src/AffichageCapteur.js","statementMap":{"0":{"start":{"line":7,"column":4},"end":{"line":19,"column":6}}},"fnMap":{"0":{"name":"AffichageCapteur","decl":{"start":{"line":6,"column":9},"end":{"line":6,"column":25}},"loc":{"start":{"line":6,"column":33},"end":{"line":20,"column":1}},"line":6}},"branchMap":{},"s":{"0":3},"f":{"0":3},"b":{},"_coverageSchema":"1a1c01bbd47fc00a2c39e90264f33305004495a9","hash":"ddc37f573666a61b8deeaaa8e1273eeba01d303e"}
,"/home/mamel/Bureau/M1_2021/WEB/WEB-react-router-lab/src/AfficheHistorique.js": {"path":"/home/mamel/Bureau/M1_2021/WEB/WEB-react-router-lab/src/AfficheHistorique.js","statementMap":{"0":{"start":{"line":7,"column":10},"end":{"line":47,"column":1}},"1":{"start":{"line":9,"column":4},"end":{"line":46,"column":5}},"2":{"start":{"line":12,"column":8},"end":{"line":45,"column":9}},"3":{"start":{"line":15,"column":12},"end":{"line":17,"column":25}},"4":{"start":{"line":24,"column":12},"end":{"line":44,"column":13}},"5":{"start":{"line":27,"column":16},"end":{"line":43,"column":17}},"6":{"start":{"line":30,"column":20},"end":{"line":42,"column":31}},"7":{"start":{"line":52,"column":4},"end":{"line":62,"column":6}}},"fnMap":{"0":{"name":"(anonymous_0)","decl":{"start":{"line":7,"column":10},"end":{"line":7,"column":11}},"loc":{"start":{"line":7,"column":17},"end":{"line":47,"column":1}},"line":7},"1":{"name":"AfficheHistorique","decl":{"start":{"line":50,"column":9},"end":{"line":50,"column":26}},"loc":{"start":{"line":50,"column":34},"end":{"line":63,"column":1}},"line":50}},"branchMap":{"0":{"loc":{"start":{"line":12,"column":8},"end":{"line":45,"column":9}},"type":"if","locations":[{"start":{"line":12,"column":8},"end":{"line":45,"column":9}},{"start":{"line":22,"column":8},"end":{"line":45,"column":9}}],"line":12},"1":{"loc":{"start":{"line":27,"column":16},"end":{"line":43,"column":17}},"type":"if","locations":[{"start":{"line":27,"column":16},"end":{"line":43,"column":17}},{"start":{},"end":{}}],"line":27}},"s":{"0":0,"1":0,"2":0,"3":0,"4":0,"5":0,"6":0,"7":0},"f":{"0":0,"1":0},"b":{"0":[0,0],"1":[0,0]}}
,"/home/mamel/Bureau/M1_2021/WEB/WEB-react-router-lab/src/App.js": {"path":"/home/mamel/Bureau/M1_2021/WEB/WEB-react-router-lab/src/App.js","statementMap":{"0":{"start":{"line":5,"column":2},"end":{"line":22,"column":4}}},"fnMap":{"0":{"name":"App","decl":{"start":{"line":4,"column":9},"end":{"line":4,"column":12}},"loc":{"start":{"line":4,"column":15},"end":{"line":23,"column":1}},"line":4}},"branchMap":{},"s":{"0":1},"f":{"0":1},"b":{},"_coverageSchema":"1a1c01bbd47fc00a2c39e90264f33305004495a9","hash":"a822ef8850b4cd8ad644715806e7e9715fdf002b"}
,"/home/mamel/Bureau/M1_2021/WEB/WEB-react-router-lab/src/General.js": {"path":"/home/mamel/Bureau/M1_2021/WEB/WEB-react-router-lab/src/General.js","statementMap":{"0":{"start":{"line":18,"column":30},"end":{"line":18,"column":42}},"1":{"start":{"line":19,"column":28},"end":{"line":19,"column":40}},"2":{"start":{"line":20,"column":38},"end":{"line":20,"column":50}},"3":{"start":{"line":21,"column":22},"end":{"line":21,"column":54}},"4":{"start":{"line":21,"column":28},"end":{"line":21,"column":53}},"5":{"start":{"line":22,"column":29},"end":{"line":22,"column":74}},"6":{"start":{"line":22,"column":37},"end":{"line":22,"column":55}},"7":{"start":{"line":22,"column":56},"end":{"line":22,"column":73}},"8":{"start":{"line":24,"column":4},"end":{"line":37,"column":7}},"9":{"start":{"line":25,"column":8},"end":{"line":36,"column":11}},"10":{"start":{"line":27,"column":12},"end":{"line":27,"column":34}},"11":{"start":{"line":30,"column":12},"end":{"line":31,"column":30}},"12":{"start":{"line":31,"column":16},"end":{"line":31,"column":30}},"13":{"start":{"line":34,"column":12},"end":{"line":34,"column":24}},"14":{"start":{"line":35,"column":12},"end":{"line":35,"column":29}},"15":{"start":{"line":39,"column":4},"end":{"line":53,"column":6}},"16":{"start":{"line":58,"column":4},"end":{"line":59,"column":21}},"17":{"start":{"line":59,"column":8},"end":{"line":59,"column":21}},"18":{"start":{"line":61,"column":4},"end":{"line":63,"column":25}},"19":{"start":{"line":62,"column":8},"end":{"line":63,"column":25}},"20":{"start":{"line":63,"column":12},"end":{"line":63,"column":25}},"21":{"start":{"line":64,"column":4},"end":{"line":64,"column":16}}},"fnMap":{"0":{"name":"General","decl":{"start":{"line":14,"column":9},"end":{"line":14,"column":16}},"loc":{"start":{"line":14,"column":19},"end":{"line":54,"column":1}},"line":14},"1":{"name":"(anonymous_1)","decl":{"start":{"line":21,"column":22},"end":{"line":21,"column":23}},"loc":{"start":{"line":21,"column":27},"end":{"line":21,"column":54}},"line":21},"2":{"name":"(anonymous_2)","decl":{"start":{"line":22,"column":29},"end":{"line":22,"column":30}},"loc":{"start":{"line":22,"column":36},"end":{"line":22,"column":74}},"line":22},"3":{"name":"(anonymous_3)","decl":{"start":{"line":24,"column":14},"end":{"line":24,"column":15}},"loc":{"start":{"line":24,"column":20},"end":{"line":37,"column":5}},"line":24},"4":{"name":"(anonymous_4)","decl":{"start":{"line":26,"column":14},"end":{"line":26,"column":15}},"loc":{"start":{"line":26,"column":33},"end":{"line":28,"column":9}},"line":26},"5":{"name":"(anonymous_5)","decl":{"start":{"line":28,"column":16},"end":{"line":28,"column":17}},"loc":{"start":{"line":28,"column":31},"end":{"line":32,"column":9}},"line":28},"6":{"name":"(anonymous_6)","decl":{"start":{"line":32,"column":17},"end":{"line":32,"column":18}},"loc":{"start":{"line":32,"column":30},"end":{"line":36,"column":9}},"line":32},"7":{"name":"jsonEquals","decl":{"start":{"line":57,"column":9},"end":{"line":57,"column":19}},"loc":{"start":{"line":57,"column":37},"end":{"line":65,"column":1}},"line":57}},"branchMap":{"0":{"loc":{"start":{"line":30,"column":12},"end":{"line":31,"column":30}},"type":"if","locations":[{"start":{"line":30,"column":12},"end":{"line":31,"column":30}},{"start":{},"end":{}}],"line":30},"1":{"loc":{"start":{"line":58,"column":4},"end":{"line":59,"column":21}},"type":"if","locations":[{"start":{"line":58,"column":4},"end":{"line":59,"column":21}},{"start":{},"end":{}}],"line":58},"2":{"loc":{"start":{"line":62,"column":8},"end":{"line":63,"column":25}},"type":"if","locations":[{"start":{"line":62,"column":8},"end":{"line":63,"column":25}},{"start":{},"end":{}}],"line":62}},"s":{"0":0,"1":0,"2":0,"3":0,"4":0,"5":0,"6":0,"7":0,"8":0,"9":0,"10":0,"11":0,"12":0,"13":0,"14":0,"15":0,"16":0,"17":0,"18":0,"19":0,"20":0,"21":0},"f":{"0":0,"1":0,"2":0,"3":0,"4":0,"5":0,"6":0,"7":0},"b":{"0":[0,0],"1":[0,0],"2":[0,0]}}
,"/home/mamel/Bureau/M1_2021/WEB/WEB-react-router-lab/src/Saisie.js": {"path":"/home/mamel/Bureau/M1_2021/WEB/WEB-react-router-lab/src/Saisie.js","statementMap":{"0":{"start":{"line":5,"column":4},"end":{"line":11,"column":6}},"1":{"start":{"line":9,"column":75},"end":{"line":9,"column":90}}},"fnMap":{"0":{"name":"Saisie","decl":{"start":{"line":4,"column":9},"end":{"line":4,"column":15}},"loc":{"start":{"line":4,"column":23},"end":{"line":12,"column":1}},"line":4},"1":{"name":"(anonymous_1)","decl":{"start":{"line":9,"column":70},"end":{"line":9,"column":71}},"loc":{"start":{"line":9,"column":75},"end":{"line":9,"column":90}},"line":9}},"branchMap":{},"s":{"0":2,"1":0},"f":{"0":2,"1":0},"b":{},"_coverageSchema":"1a1c01bbd47fc00a2c39e90264f33305004495a9","hash":"bb062271a13ef87561b003831c5120c3954d30e7"}
,"/home/mamel/Bureau/M1_2021/WEB/WEB-react-router-lab/src/Selection.js": {"path":"/home/mamel/Bureau/M1_2021/WEB/WEB-react-router-lab/src/Selection.js","statementMap":{"0":{"start":{"line":11,"column":15},"end":{"line":11,"column":17}},"1":{"start":{"line":13,"column":4},"end":{"line":24,"column":5}},"2":{"start":{"line":16,"column":8},"end":{"line":23,"column":10}},"3":{"start":{"line":18,"column":31},"end":{"line":18,"column":56}},"4":{"start":{"line":26,"column":4},"end":{"line":26,"column":16}}},"fnMap":{"0":{"name":"Selection","decl":{"start":{"line":10,"column":9},"end":{"line":10,"column":18}},"loc":{"start":{"line":10,"column":26},"end":{"line":27,"column":1}},"line":10},"1":{"name":"(anonymous_1)","decl":{"start":{"line":18,"column":25},"end":{"line":18,"column":26}},"loc":{"start":{"line":18,"column":31},"end":{"line":18,"column":56}},"line":18}},"branchMap":{},"s":{"0":0,"1":0,"2":0,"3":0,"4":0},"f":{"0":0,"1":0},"b":{}}
,"/home/mamel/Bureau/M1_2021/WEB/WEB-react-router-lab/src/index.js": {"path":"/home/mamel/Bureau/M1_2021/WEB/WEB-react-router-lab/src/index.js","statementMap":{"0":{"start":{"line":12,"column":0},"end":{"line":19,"column":2}},"1":{"start":{"line":24,"column":0},"end":{"line":24,"column":18}}},"fnMap":{},"branchMap":{},"s":{"0":0,"1":0},"f":{},"b":{}}
,"/home/mamel/Bureau/M1_2021/WEB/WEB-react-router-lab/src/reportWebVitals.js": {"path":"/home/mamel/Bureau/M1_2021/WEB/WEB-react-router-lab/src/reportWebVitals.js","statementMap":{"0":{"start":{"line":1,"column":24},"end":{"line":11,"column":1}},"1":{"start":{"line":2,"column":2},"end":{"line":10,"column":3}},"2":{"start":{"line":3,"column":4},"end":{"line":9,"column":7}},"3":{"start":{"line":4,"column":6},"end":{"line":4,"column":26}},"4":{"start":{"line":5,"column":6},"end":{"line":5,"column":26}},"5":{"start":{"line":6,"column":6},"end":{"line":6,"column":26}},"6":{"start":{"line":7,"column":6},"end":{"line":7,"column":26}},"7":{"start":{"line":8,"column":6},"end":{"line":8,"column":27}}},"fnMap":{"0":{"name":"(anonymous_0)","decl":{"start":{"line":1,"column":24},"end":{"line":1,"column":25}},"loc":{"start":{"line":1,"column":39},"end":{"line":11,"column":1}},"line":1},"1":{"name":"(anonymous_1)","decl":{"start":{"line":3,"column":30},"end":{"line":3,"column":31}},"loc":{"start":{"line":3,"column":79},"end":{"line":9,"column":5}},"line":3}},"branchMap":{"0":{"loc":{"start":{"line":2,"column":2},"end":{"line":10,"column":3}},"type":"if","locations":[{"start":{"line":2,"column":2},"end":{"line":10,"column":3}},{"start":{},"end":{}}],"line":2},"1":{"loc":{"start":{"line":2,"column":6},"end":{"line":2,"column":52}},"type":"binary-expr","locations":[{"start":{"line":2,"column":6},"end":{"line":2,"column":17}},{"start":{"line":2,"column":21},"end":{"line":2,"column":52}}],"line":2}},"s":{"0":0,"1":0,"2":0,"3":0,"4":0,"5":0,"6":0,"7":0},"f":{"0":0,"1":0},"b":{"0":[0,0],"1":[0,0]}}
,"/home/mamel/Bureau/M1_2021/WEB/WEB-react-router-lab/src/table.display.jsx": {"path":"/home/mamel/Bureau/M1_2021/WEB/WEB-react-router-lab/src/table.display.jsx","statementMap":{"0":{"start":{"line":6,"column":21},"end":{"line":24,"column":1}},"1":{"start":{"line":7,"column":2},"end":{"line":7,"column":22}},"2":{"start":{"line":8,"column":2},"end":{"line":23,"column":4}},"3":{"start":{"line":18,"column":31},"end":{"line":18,"column":89}}},"fnMap":{"0":{"name":"(anonymous_0)","decl":{"start":{"line":6,"column":21},"end":{"line":6,"column":22}},"loc":{"start":{"line":6,"column":33},"end":{"line":24,"column":1}},"line":6},"1":{"name":"(anonymous_1)","decl":{"start":{"line":18,"column":23},"end":{"line":18,"column":24}},"loc":{"start":{"line":18,"column":30},"end":{"line":18,"column":90}},"line":18}},"branchMap":{},"s":{"0":1,"1":15,"2":15,"3":117},"f":{"0":15,"1":117},"b":{},"_coverageSchema":"1a1c01bbd47fc00a2c39e90264f33305004495a9","hash":"646e31855d6ebac3eedd280954c8335a4edb5d40"}
}
