TN:
SF:src/AffichageCapteur.js
FN:6,AffichageCapteur
FNF:1
FNH:1
FNDA:3,AffichageCapteur
DA:7,3
LF:1
LH:1
BRF:0
BRH:0
end_of_record
TN:
SF:src/AfficheHistorique.js
FN:7,(anonymous_0)
FN:50,AfficheHistorique
FNF:2
FNH:0
FNDA:0,(anonymous_0)
FNDA:0,AfficheHistorique
DA:7,0
DA:9,0
DA:12,0
DA:15,0
DA:24,0
DA:27,0
DA:30,0
DA:52,0
LF:8
LH:0
BRDA:12,0,0,0
BRDA:12,0,1,0
BRDA:27,1,0,0
BRDA:27,1,1,0
BRF:4
BRH:0
end_of_record
TN:
SF:src/App.js
FN:4,App
FNF:1
FNH:1
FNDA:1,App
DA:5,1
LF:1
LH:1
BRF:0
BRH:0
end_of_record
TN:
SF:src/General.js
FN:14,General
FN:21,(anonymous_1)
FN:22,(anonymous_2)
FN:24,(anonymous_3)
FN:26,(anonymous_4)
FN:28,(anonymous_5)
FN:32,(anonymous_6)
FN:57,jsonEquals
FNF:8
FNH:0
FNDA:0,General
FNDA:0,(anonymous_1)
FNDA:0,(anonymous_2)
FNDA:0,(anonymous_3)
FNDA:0,(anonymous_4)
FNDA:0,(anonymous_5)
FNDA:0,(anonymous_6)
FNDA:0,jsonEquals
DA:18,0
DA:19,0
DA:20,0
DA:21,0
DA:22,0
DA:24,0
DA:25,0
DA:27,0
DA:30,0
DA:31,0
DA:34,0
DA:35,0
DA:39,0
DA:58,0
DA:59,0
DA:61,0
DA:62,0
DA:63,0
DA:64,0
LF:19
LH:0
BRDA:30,0,0,0
BRDA:30,0,1,0
BRDA:58,1,0,0
BRDA:58,1,1,0
BRDA:62,2,0,0
BRDA:62,2,1,0
BRF:6
BRH:0
end_of_record
TN:
SF:src/Saisie.js
FN:4,Saisie
FN:9,(anonymous_1)
FNF:2
FNH:1
FNDA:2,Saisie
FNDA:0,(anonymous_1)
DA:5,2
DA:9,0
LF:2
LH:1
BRF:0
BRH:0
end_of_record
TN:
SF:src/Selection.js
FN:10,Selection
FN:18,(anonymous_1)
FNF:2
FNH:0
FNDA:0,Selection
FNDA:0,(anonymous_1)
DA:11,0
DA:13,0
DA:16,0
DA:18,0
DA:26,0
LF:5
LH:0
BRF:0
BRH:0
end_of_record
TN:
SF:src/index.js
FNF:0
FNH:0
DA:12,0
DA:24,0
LF:2
LH:0
BRF:0
BRH:0
end_of_record
TN:
SF:src/reportWebVitals.js
FN:1,(anonymous_0)
FN:3,(anonymous_1)
FNF:2
FNH:0
FNDA:0,(anonymous_0)
FNDA:0,(anonymous_1)
DA:1,0
DA:2,0
DA:3,0
DA:4,0
DA:5,0
DA:6,0
DA:7,0
DA:8,0
LF:8
LH:0
BRDA:2,0,0,0
BRDA:2,0,1,0
BRDA:2,1,0,0
BRDA:2,1,1,0
BRF:4
BRH:0
end_of_record
TN:
SF:src/table.display.jsx
FN:6,(anonymous_0)
FN:18,(anonymous_1)
FNF:2
FNH:2
FNDA:15,(anonymous_0)
FNDA:117,(anonymous_1)
DA:6,1
DA:7,15
DA:8,15
DA:18,117
LF:4
LH:4
BRF:0
BRH:0
end_of_record
